2025-09-14 11:20:02,510 - INFO - Cardiovascular training pipeline initialized. Output directory: /tmp/test_cardiovascular
2025-09-14 11:20:02,510 - INFO - Starting cardiovascular disease classification pipeline...
2025-09-14 11:20:02,510 - INFO - Downloading cardiovascular disease dataset from Kaggle...
2025-09-14 11:20:02,510 - WARNING - Kaggle credentials not found. Creating sample data for demonstration.
2025-09-14 11:20:02,510 - INFO - Creating sample cardiovascular disease dataset...
2025-09-14 11:20:02,534 - INFO - Created sample dataset with 5000 rows, cardiovascular disease prevalence: 79.62%
2025-09-14 11:20:02,534 - INFO - Starting data preprocessing...
2025-09-14 11:20:02,534 - INFO - Using target column: cardio
2025-09-14 11:20:02,536 - INFO - Target distribution: [1019 3981]
2025-09-14 11:20:02,539 - INFO - Numeric features (6): ['age', 'height', 'weight', 'ap_hi', 'ap_lo', 'heart_rate']
2025-09-14 11:20:02,539 - INFO - Categorical features (9): ['gender', 'cholesterol', 'gluc', 'smoke', 'alco', 'active', 'chest_pain', 'shortness_of_breath', 'fatigue']
2025-09-14 11:20:02,563 - INFO - Preprocessing completed. Shape: (5000, 17)
2025-09-14 11:20:02,563 - INFO - Training classical machine learning models...
2025-09-14 11:20:02,563 - INFO - Training Logistic Regression...
2025-09-14 11:20:02,597 - INFO - Logistic Regression - Accuracy: 0.8118 (+/- 0.0020)
2025-09-14 11:20:02,604 - INFO - Training Random Forest...
2025-09-14 11:20:03,559 - INFO - Random Forest - Accuracy: 0.8122 (+/- 0.0068)
2025-09-14 11:20:04,395 - INFO - Training XGBoost...
2025-09-14 11:20:04,582 - INFO - XGBoost - Accuracy: 0.7970 (+/- 0.0044)
2025-09-14 11:20:04,675 - INFO - Training LightGBM...
2025-09-14 11:20:04,870 - INFO - LightGBM - Accuracy: 0.8062 (+/- 0.0020)
2025-09-14 11:20:04,960 - INFO - Training neural network for 5 epochs...
2025-09-14 11:20:06,621 - INFO - Epoch [5/5] - Train Loss: 0.4417, Val Loss: 0.4237, Val Acc: 0.8160
2025-09-14 11:20:06,638 - INFO - Neural Network - Accuracy: 0.8160, F1: 0.8096
2025-09-14 11:20:06,638 - INFO - Preprocessor saved to /tmp/test_cardiovascular/preprocessors/cardiovascular_preprocessor.pkl
2025-09-14 11:20:06,639 - INFO - Training report saved to /tmp/test_cardiovascular/metrics/cardiovascular_training_report.json and /tmp/test_cardiovascular/metrics/cardiovascular_training_summary.txt
2025-09-14 11:20:06,639 - INFO - Full pipeline completed successfully!
2025-09-14 11:20:57,073 - INFO - Cardiovascular training pipeline initialized. Output directory: /tmp/quick_cardiovascular_test
2025-09-14 11:20:57,073 - INFO - Starting cardiovascular disease classification pipeline...
2025-09-14 11:20:57,073 - INFO - Downloading cardiovascular disease dataset from Kaggle...
2025-09-14 11:20:57,073 - WARNING - Kaggle credentials not found. Creating sample data for demonstration.
2025-09-14 11:20:57,073 - INFO - Creating sample cardiovascular disease dataset...
2025-09-14 11:20:57,092 - INFO - Created sample dataset with 5000 rows, cardiovascular disease prevalence: 79.62%
2025-09-14 11:20:57,092 - INFO - Starting data preprocessing...
2025-09-14 11:20:57,092 - INFO - Using target column: cardio
2025-09-14 11:20:57,093 - INFO - Target distribution: [1019 3981]
2025-09-14 11:20:57,095 - INFO - Numeric features (6): ['age', 'height', 'weight', 'ap_hi', 'ap_lo', 'heart_rate']
2025-09-14 11:20:57,095 - INFO - Categorical features (9): ['gender', 'cholesterol', 'gluc', 'smoke', 'alco', 'active', 'chest_pain', 'shortness_of_breath', 'fatigue']
2025-09-14 11:20:57,116 - INFO - Preprocessing completed. Shape: (5000, 17)
2025-09-14 11:20:57,116 - INFO - Training classical machine learning models...
2025-09-14 11:20:57,116 - INFO - Training Logistic Regression...
2025-09-14 11:20:57,143 - INFO - Logistic Regression - Accuracy: 0.8118 (+/- 0.0020)
2025-09-14 11:20:57,149 - INFO - Training Random Forest...
2025-09-14 11:20:58,102 - INFO - Random Forest - Accuracy: 0.8122 (+/- 0.0068)
2025-09-14 11:20:58,934 - INFO - Training XGBoost...
2025-09-14 11:20:59,119 - INFO - XGBoost - Accuracy: 0.7970 (+/- 0.0044)
2025-09-14 11:20:59,213 - INFO - Training LightGBM...
2025-09-14 11:20:59,383 - INFO - LightGBM - Accuracy: 0.8062 (+/- 0.0020)
2025-09-14 11:20:59,472 - INFO - Training neural network for 2 epochs...
2025-09-14 11:21:00,588 - INFO - Neural Network - Accuracy: 0.8000, F1: 0.7864
2025-09-14 11:21:00,588 - INFO - Preprocessor saved to /tmp/quick_cardiovascular_test/preprocessors/cardiovascular_preprocessor.pkl
2025-09-14 11:21:00,589 - INFO - Training report saved to /tmp/quick_cardiovascular_test/metrics/cardiovascular_training_report.json and /tmp/quick_cardiovascular_test/metrics/cardiovascular_training_summary.txt
2025-09-14 11:21:00,589 - INFO - Full pipeline completed successfully!
